
VCFtools - 0.1.16
(C) Adam Auton and Anthony Marcketta 2009
 
Parameters as interpreted:
	--gzvcf /user/doau0129/work/chapter1//outputs/6_genotyping/6_1_snp/snp_filterd.vcf.gz
	--weir-fst-pop /user/doau0129/work/chapter1//outputs/8_fst/abebel.pop
	--weir-fst-pop /user/doau0129/work/chapter1//outputs/8_fst/abeboc.pop
	--weir-fst-pop /user/doau0129/work/chapter1//outputs/8_fst/abepue.pop
	--weir-fst-pop /user/doau0129/work/chapter1//outputs/8_fst/chlpue.pop
	--weir-fst-pop /user/doau0129/work/chapter1//outputs/8_fst/floflo.pop
	--weir-fst-pop /user/doau0129/work/chapter1//outputs/8_fst/gemflo.pop
	--weir-fst-pop /user/doau0129/work/chapter1//outputs/8_fst/gumboc.pop
	--weir-fst-pop /user/doau0129/work/chapter1//outputs/8_fst/gutpue.pop
	--weir-fst-pop /user/doau0129/work/chapter1//outputs/8_fst/indbel.pop
	--weir-fst-pop /user/doau0129/work/chapter1//outputs/8_fst/indpue.pop
	--weir-fst-pop /user/doau0129/work/chapter1//outputs/8_fst/maybel.pop
	--weir-fst-pop /user/doau0129/work/chapter1//outputs/8_fst/nigbel.pop
	--weir-fst-pop /user/doau0129/work/chapter1//outputs/8_fst/nigboc.pop
	--weir-fst-pop /user/doau0129/work/chapter1//outputs/8_fst/nigflo.pop
	--weir-fst-pop /user/doau0129/work/chapter1//outputs/8_fst/puebel.pop
	--weir-fst-pop /user/doau0129/work/chapter1//outputs/8_fst/pueboc.pop
	--weir-fst-pop /user/doau0129/work/chapter1//outputs/8_fst/pueflo.pop
	--weir-fst-pop /user/doau0129/work/chapter1//outputs/8_fst/puepue.pop
	--weir-fst-pop /user/doau0129/work/chapter1//outputs/8_fst/ranbel.pop
	--weir-fst-pop /user/doau0129/work/chapter1//outputs/8_fst/tanpue.pop
	--weir-fst-pop /user/doau0129/work/chapter1//outputs/8_fst/uniboc.pop
	--weir-fst-pop /user/doau0129/work/chapter1//outputs/8_fst/uniflo.pop
	--weir-fst-pop /user/doau0129/work/chapter1//outputs/8_fst/unipue.pop
	--keep /user/doau0129/work/chapter1//outputs/8_fst/abebel.pop
	--keep /user/doau0129/work/chapter1//outputs/8_fst/abeboc.pop
	--keep /user/doau0129/work/chapter1//outputs/8_fst/abepue.pop
	--keep /user/doau0129/work/chapter1//outputs/8_fst/chlpue.pop
	--keep /user/doau0129/work/chapter1//outputs/8_fst/floflo.pop
	--keep /user/doau0129/work/chapter1//outputs/8_fst/gemflo.pop
	--keep /user/doau0129/work/chapter1//outputs/8_fst/gumboc.pop
	--keep /user/doau0129/work/chapter1//outputs/8_fst/gutpue.pop
	--keep /user/doau0129/work/chapter1//outputs/8_fst/indbel.pop
	--keep /user/doau0129/work/chapter1//outputs/8_fst/indpue.pop
	--keep /user/doau0129/work/chapter1//outputs/8_fst/maybel.pop
	--keep /user/doau0129/work/chapter1//outputs/8_fst/nigbel.pop
	--keep /user/doau0129/work/chapter1//outputs/8_fst/nigboc.pop
	--keep /user/doau0129/work/chapter1//outputs/8_fst/nigflo.pop
	--keep /user/doau0129/work/chapter1//outputs/8_fst/puebel.pop
	--keep /user/doau0129/work/chapter1//outputs/8_fst/pueboc.pop
	--keep /user/doau0129/work/chapter1//outputs/8_fst/pueflo.pop
	--keep /user/doau0129/work/chapter1//outputs/8_fst/puepue.pop
	--keep /user/doau0129/work/chapter1//outputs/8_fst/ranbel.pop
	--keep /user/doau0129/work/chapter1//outputs/8_fst/tanpue.pop
	--keep /user/doau0129/work/chapter1//outputs/8_fst/uniboc.pop
	--keep /user/doau0129/work/chapter1//outputs/8_fst/uniflo.pop
	--keep /user/doau0129/work/chapter1//outputs/8_fst/unipue.pop
	--out /user/doau0129/work/chapter1//outputs/8_fst/all_pop

Using zlib version: 1.2.11
Warning: Expected at least 2 parts in FORMAT entry: ID=PGT,Number=1,Type=String,Description="Physical phasing haplotype information, describing how the alternate alleles are phased in relation to one another; will always be heterozygous and is not intended to describe called alleles">
Warning: Expected at least 2 parts in FORMAT entry: ID=PID,Number=1,Type=String,Description="Physical phasing ID information, where each unique ID within a given sample (but not across samples) connects records within a phasing group">
Warning: Expected at least 2 parts in FORMAT entry: ID=PL,Number=G,Type=Integer,Description="Normalized, Phred-scaled likelihoods for genotypes as defined in the VCF specification">
Warning: Expected at least 2 parts in FORMAT entry: ID=RGQ,Number=1,Type=Integer,Description="Unconditional reference genotype confidence, encoded as a phred quality -10*log10 p(genotype call is wrong)">
Warning: Expected at least 2 parts in INFO entry: ID=AC,Number=A,Type=Integer,Description="Allele count in genotypes, for each ALT allele, in the same order as listed">
Warning: Expected at least 2 parts in INFO entry: ID=AC,Number=A,Type=Integer,Description="Allele count in genotypes, for each ALT allele, in the same order as listed">
Warning: Expected at least 2 parts in INFO entry: ID=AF,Number=A,Type=Float,Description="Allele Frequency, for each ALT allele, in the same order as listed">
Warning: Expected at least 2 parts in INFO entry: ID=AF,Number=A,Type=Float,Description="Allele Frequency, for each ALT allele, in the same order as listed">
Warning: Expected at least 2 parts in INFO entry: ID=MLEAC,Number=A,Type=Integer,Description="Maximum likelihood expectation (MLE) for the allele counts (not necessarily the same as the AC), for each ALT allele, in the same order as listed">
Warning: Expected at least 2 parts in INFO entry: ID=MLEAC,Number=A,Type=Integer,Description="Maximum likelihood expectation (MLE) for the allele counts (not necessarily the same as the AC), for each ALT allele, in the same order as listed">
Warning: Expected at least 2 parts in INFO entry: ID=MLEAF,Number=A,Type=Float,Description="Maximum likelihood expectation (MLE) for the allele frequency (not necessarily the same as the AF), for each ALT allele, in the same order as listed">
Warning: Expected at least 2 parts in INFO entry: ID=MLEAF,Number=A,Type=Float,Description="Maximum likelihood expectation (MLE) for the allele frequency (not necessarily the same as the AF), for each ALT allele, in the same order as listed">
Keeping individuals in 'keep' list
After filtering, kept 112 out of 113 Individuals
Outputting Weir and Cockerham Fst estimates.
	Fst: Only using diploid sites.
Weir and Cockerham mean Fst estimate: 0.047864
Weir and Cockerham weighted Fst estimate: 0.037356
After filtering, kept 15900414 out of a possible 15900414 Sites
Run Time = 760.00 seconds
