
VCFtools - 0.1.16
(C) Adam Auton and Anthony Marcketta 2009

Parameters as interpreted:
	--gzvcf /user/doau0129/work/chapter1//outputs/6_genotyping/6_1_snp/snp_filterd.vcf.gz
	--fst-window-size 50000
	--fst-window-step 5000
	--weir-fst-pop /user/doau0129/work/chapter1//outputs/8_fst/pop.abebel.txt
	--weir-fst-pop /user/doau0129/work/chapter1//outputs/8_fst/pop.abeboc.txt
	--weir-fst-pop /user/doau0129/work/chapter1//outputs/8_fst/pop.abepue.txt
	--weir-fst-pop /user/doau0129/work/chapter1//outputs/8_fst/pop.chlpue.txt
	--weir-fst-pop /user/doau0129/work/chapter1//outputs/8_fst/pop.floflo.txt
	--weir-fst-pop /user/doau0129/work/chapter1//outputs/8_fst/pop.gemflo.txt
	--weir-fst-pop /user/doau0129/work/chapter1//outputs/8_fst/pop.gumboc.txt
	--weir-fst-pop /user/doau0129/work/chapter1//outputs/8_fst/pop.gutpue.txt
	--weir-fst-pop /user/doau0129/work/chapter1//outputs/8_fst/pop.indbel.txt
	--weir-fst-pop /user/doau0129/work/chapter1//outputs/8_fst/pop.indpue.txt
	--weir-fst-pop /user/doau0129/work/chapter1//outputs/8_fst/pop.maybel.txt
	--weir-fst-pop /user/doau0129/work/chapter1//outputs/8_fst/pop.nigbel.txt
	--weir-fst-pop /user/doau0129/work/chapter1//outputs/8_fst/pop.nigboc.txt
	--weir-fst-pop /user/doau0129/work/chapter1//outputs/8_fst/pop.nigflo.txt
	--weir-fst-pop /user/doau0129/work/chapter1//outputs/8_fst/pop.nigpue.txt
	--weir-fst-pop /user/doau0129/work/chapter1//outputs/8_fst/pop.puebel.txt
	--weir-fst-pop /user/doau0129/work/chapter1//outputs/8_fst/pop.pueboc.txt
	--weir-fst-pop /user/doau0129/work/chapter1//outputs/8_fst/pop.pueflo.txt
	--weir-fst-pop /user/doau0129/work/chapter1//outputs/8_fst/pop.puepue.txt
	--weir-fst-pop /user/doau0129/work/chapter1//outputs/8_fst/pop.ranbel.txt
	--weir-fst-pop /user/doau0129/work/chapter1//outputs/8_fst/pop.tanpue.txt
	--weir-fst-pop /user/doau0129/work/chapter1//outputs/8_fst/pop.uniboc.txt
	--weir-fst-pop /user/doau0129/work/chapter1//outputs/8_fst/pop.uniflo.txt
	--weir-fst-pop /user/doau0129/work/chapter1//outputs/8_fst/pop.unipue.txt
	--keep /user/doau0129/work/chapter1//outputs/8_fst/pop.abebel.txt
	--keep /user/doau0129/work/chapter1//outputs/8_fst/pop.abeboc.txt
	--keep /user/doau0129/work/chapter1//outputs/8_fst/pop.abepue.txt
	--keep /user/doau0129/work/chapter1//outputs/8_fst/pop.chlpue.txt
	--keep /user/doau0129/work/chapter1//outputs/8_fst/pop.floflo.txt
	--keep /user/doau0129/work/chapter1//outputs/8_fst/pop.gemflo.txt
	--keep /user/doau0129/work/chapter1//outputs/8_fst/pop.gumboc.txt
	--keep /user/doau0129/work/chapter1//outputs/8_fst/pop.gutpue.txt
	--keep /user/doau0129/work/chapter1//outputs/8_fst/pop.indbel.txt
	--keep /user/doau0129/work/chapter1//outputs/8_fst/pop.indpue.txt
	--keep /user/doau0129/work/chapter1//outputs/8_fst/pop.maybel.txt
	--keep /user/doau0129/work/chapter1//outputs/8_fst/pop.nigbel.txt
	--keep /user/doau0129/work/chapter1//outputs/8_fst/pop.nigboc.txt
	--keep /user/doau0129/work/chapter1//outputs/8_fst/pop.nigflo.txt
	--keep /user/doau0129/work/chapter1//outputs/8_fst/pop.nigpue.txt
	--keep /user/doau0129/work/chapter1//outputs/8_fst/pop.puebel.txt
	--keep /user/doau0129/work/chapter1//outputs/8_fst/pop.pueboc.txt
	--keep /user/doau0129/work/chapter1//outputs/8_fst/pop.pueflo.txt
	--keep /user/doau0129/work/chapter1//outputs/8_fst/pop.puepue.txt
	--keep /user/doau0129/work/chapter1//outputs/8_fst/pop.ranbel.txt
	--keep /user/doau0129/work/chapter1//outputs/8_fst/pop.tanpue.txt
	--keep /user/doau0129/work/chapter1//outputs/8_fst/pop.uniboc.txt
	--keep /user/doau0129/work/chapter1//outputs/8_fst/pop.uniflo.txt
	--keep /user/doau0129/work/chapter1//outputs/8_fst/pop.unipue.txt
	--stdout

Using zlib version: 1.2.11
Warning: Expected at least 2 parts in FORMAT entry: ID=PGT,Number=1,Type=String,Description="Physical phasing haplotype information, describing how the alternate alleles are phased in relation to one another; will always be heterozygous and is not intended to describe called alleles">
Warning: Expected at least 2 parts in FORMAT entry: ID=PID,Number=1,Type=String,Description="Physical phasing ID information, where each unique ID within a given sample (but not across samples) connects records within a phasing group">
Warning: Expected at least 2 parts in FORMAT entry: ID=PL,Number=G,Type=Integer,Description="Normalized, Phred-scaled likelihoods for genotypes as defined in the VCF specification">
Warning: Expected at least 2 parts in FORMAT entry: ID=RGQ,Number=1,Type=Integer,Description="Unconditional reference genotype confidence, encoded as a phred quality -10*log10 p(genotype call is wrong)">
Warning: Expected at least 2 parts in INFO entry: ID=AC,Number=A,Type=Integer,Description="Allele count in genotypes, for each ALT allele, in the same order as listed">
Warning: Expected at least 2 parts in INFO entry: ID=AC,Number=A,Type=Integer,Description="Allele count in genotypes, for each ALT allele, in the same order as listed">
Warning: Expected at least 2 parts in INFO entry: ID=AF,Number=A,Type=Float,Description="Allele Frequency, for each ALT allele, in the same order as listed">
Warning: Expected at least 2 parts in INFO entry: ID=AF,Number=A,Type=Float,Description="Allele Frequency, for each ALT allele, in the same order as listed">
Warning: Expected at least 2 parts in INFO entry: ID=MLEAC,Number=A,Type=Integer,Description="Maximum likelihood expectation (MLE) for the allele counts (not necessarily the same as the AC), for each ALT allele, in the same order as listed">
Warning: Expected at least 2 parts in INFO entry: ID=MLEAC,Number=A,Type=Integer,Description="Maximum likelihood expectation (MLE) for the allele counts (not necessarily the same as the AC), for each ALT allele, in the same order as listed">
Warning: Expected at least 2 parts in INFO entry: ID=MLEAF,Number=A,Type=Float,Description="Maximum likelihood expectation (MLE) for the allele frequency (not necessarily the same as the AF), for each ALT allele, in the same order as listed">
Warning: Expected at least 2 parts in INFO entry: ID=MLEAF,Number=A,Type=Float,Description="Maximum likelihood expectation (MLE) for the allele frequency (not necessarily the same as the AF), for each ALT allele, in the same order as listed">
Keeping individuals in 'keep' list
Error: Could not open Individual file:/user/doau0129/work/chapter1//outputs/8_fst/pop.nigpue.txt
