mkdir: cannot create directory ‘/user/doau0129/work/chapter1//logs/’: File exists
mkdir: cannot create directory ‘/user/doau0129/work/chapter1//figures/’: File exists
mkdir: cannot create directory ‘/user/doau0129/work/chapter1//outputs/’: File exists
mkdir: cannot create directory ‘/user/doau0129/work/chapter1//outputs/0_ubam/’: File exists
mkdir: cannot create directory ‘/user/doau0129/work/chapter1//outputs/1_adapters/’: File exists
mkdir: cannot create directory ‘/user/doau0129/work/chapter1//outputs/1_adapters/adapters/’: File exists
mkdir: cannot create directory ‘/user/doau0129/work/chapter1//outputs/1_adapters/metrics/’: File exists
mkdir: cannot create directory ‘/user/doau0129/work/chapter1//outputs/2_align/’: File exists
mkdir: cannot create directory ‘/user/doau0129/work/chapter1//outputs/2_align/1_fatsq/’: File exists
mkdir: cannot create directory ‘/user/doau0129/work/chapter1//outputs/2_align/2_align/’: File exists
mkdir: cannot create directory ‘/user/doau0129/work/chapter1//outputs/2_align/3_merge/’: File exists
mkdir: cannot create directory ‘/user/doau0129/work/chapter1//outputs/3_duplicates/’: File exists
mkdir: cannot create directory ‘/user/doau0129/work/chapter1//outputs/3_duplicates/1_sort/’: File exists
mkdir: cannot create directory ‘/user/doau0129/work/chapter1//outputs/3_duplicates/2_tag/’: File exists
mkdir: cannot create directory ‘/user/doau0129/work/chapter1//outputs/3_duplicates/3_mark/’: File exists
mkdir: cannot create directory ‘/user/doau0129/work/chapter1//outputs/3_duplicates/3_mark/duplicates/’: File exists
mkdir: cannot create directory ‘/user/doau0129/work/chapter1//outputs/3_duplicates/3_mark/metrics/’: File exists
mkdir: cannot create directory ‘/user/doau0129/work/chapter1//outputs/3_duplicates/3_mark/duplicates/removed/’: File exists
mkdir: cannot create directory ‘/user/doau0129/work/chapter1//outputs/4_likelihood/’: File exists
mkdir: cannot create directory ‘/user/doau0129/work/chapter1//outputs/5_cohort/’: File exists
mkdir: cannot create directory ‘/user/doau0129/work/chapter1//outputs/6_genotyping/’: File exists
mkdir: cannot create directory ‘/user/doau0129/work/chapter1//outputs/6_genotyping/6_1_snp/’: File exists
mkdir: cannot create directory ‘/user/doau0129/work/chapter1//outputs/6_genotyping/6_2_all/’: File exists
mkdir: cannot create directory ‘/user/doau0129/work/chapter1//outputs/coverage/’: File exists
mkdir: cannot create directory ‘/user/doau0129/work/chapter1//outputs/pca/’: File exists
mkdir: cannot create directory ‘/user/doau0129/work/chapter1//outputs/lof/’: File exists
113
*****   0_ubam          : DONE         **
*****   1_adapters      : DONE         **
*****   2_align         : DONE         **
*****   3_tag           : DONE         **
*****   4_mark          : DONE         **
*****   5_index         : DONE         **
*****   a_coverage      : DONE         **
*****   b_remove      : DONE         **
*****   c_histo         : DONE         **
*****   6_likelihood    : DONE         **
*****   7_cohort        : DONE         **
*****   8_snp           : DONE         **
*****   9_snp_metrics   : DONE         **
*****   11_all           : DONE         **
*****   12_all_gather    : DONE         **
*****   10_snp_filter    : DONE         **
*****   13_all_filter    : DONE         **
