mkdir: cannot create directory '/user/doau0129/work/chapter1//logs/': File exists
mkdir: cannot create directory '/user/doau0129/work/chapter1//figures/': File exists
mkdir: cannot create directory '/user/doau0129/work/chapter1//outputs/': File exists
mkdir: cannot create directory '/user/doau0129/work/chapter1//outputs/0_ubam/': File exists
mkdir: cannot create directory '/user/doau0129/work/chapter1//outputs/1_adapters/': File exists
mkdir: cannot create directory '/user/doau0129/work/chapter1//outputs/1_adapters/adapters/': File exists
mkdir: cannot create directory '/user/doau0129/work/chapter1//outputs/1_adapters/metrics/': File exists
mkdir: cannot create directory '/user/doau0129/work/chapter1//outputs/lof/': File exists
cat: /user/doau0129/work/chapter1//outputs/lof/4_likelihood2.fofn: No such file or directory
cat: /user/doau0129/work/chapter1//outputs/lof/14_all2.fofn: No such file or directory
*****   0_ubam          : DONE         **
*****   1_adapters      : DONE         **
wc: /user/doau0129/work/chapter1//outputs/lof/3_3_new_duplicates.fofn: No such file or directory

sbatch: error: Batch job submission failed: Invalid job array specification
sbatch: error: Batch job submission failed: Job dependency problem
sbatch: error: Batch job submission failed: Job dependency problem
sbatch: error: Batch job submission failed: Job dependency problem
sbatch: error: Batch job submission failed: Job dependency problem
sbatch: error: Batch job submission failed: Job dependency problem
sbatch: error: Batch job submission failed: Job dependency problem
sbatch: error: Batch job submission failed: Job dependency problem
sbatch: error: Batch job submission failed: Job dependency problem
sbatch: error: Batch script is empty!
