/user/doau0129/work/chapter1//outputs/6_genotyping/6_2_all/all_filterd.vcf.gz
all_filterd.vcf.gz
all_filterd
.Rprofile: Setting CRAN repositoryn to ftp.gwdg.de
[1] "/user/doau0129/work/chapter1//outputs/6_genotyping/6_2_all/all_filterd.vcf.gz"
[2] "/user/doau0129/work/chapter1//outputs/pca/"                                   
[3] "all_filterd"                                                                  
[4] "/user/doau0129/work/chapter1//figures/genotyping_pca/"                        
[1] "/user/doau0129/work/chapter1//outputs/6_genotyping/6_2_all/all_filterd.vcf.gz"
[1] "/user/doau0129/work/chapter1//outputs/pca/"
[1] "all_filterd"
[1] "/user/doau0129/work/chapter1//figures/genotyping_pca/"
Start file conversion from VCF to SNP GDS ...
Method: exacting biallelic SNPs
Number of samples: 113
Parsing "/user/doau0129/work/chapter1//outputs/6_genotyping/6_2_all/all_filterd.vcf.gz" ...
	import 14873220 variants.
+ genotype   { Bit2 113x14873220, 400.7M } *
Optimize the access efficiency ...
Clean up the fragments of GDS file:
    open the file '/user/doau0129/work/chapter1//outputs/pca/all_filterd.gds' (462.8M)
    # of fragments: 1817
    save to '/user/doau0129/work/chapter1//outputs/pca/all_filterd.gds.tmp'
    rename '/user/doau0129/work/chapter1//outputs/pca/all_filterd.gds.tmp' (462.8M, reduced: 21.1K)
    # of fragments: 20
SNP pruning based on LD:
Excluding 8,041,280 SNPs (monomorphic: TRUE, MAF: 0.02, missing rate: NaN)
    # of samples: 113
    # of SNPs: 6,831,940
    using 1 thread
    sliding window: 500,000 basepairs, Inf SNPs
    |LD| threshold: 1
    method: correlation
Chromosome LG01: 47.32%, 306,772/648,310
Chromosome LG02: 43.99%, 361,733/822,294
Chromosome LG03: 45.01%, 275,330/611,651
Chromosome LG04: 44.11%, 287,319/651,312
Chromosome LG05: 46.53%, 270,551/581,483
Chromosome LG06: 44.71%, 284,398/636,133
Chromosome LG07: 45.59%, 293,702/644,170
Chromosome LG08: 48.00%, 344,768/718,320
Chromosome LG09: 45.22%, 314,442/695,336
Chromosome LG10: 46.04%, 288,178/625,906
Chromosome LG11: 46.29%, 267,441/577,722
Chromosome LG12: 43.94%, 258,265/587,829
Chromosome LG13: 45.05%, 312,964/694,715
Chromosome LG14: 48.31%, 289,398/598,991
Chromosome LG15: 45.99%, 256,302/557,292
Chromosome LG16: 44.48%, 295,108/663,446
Chromosome LG17: 45.35%, 336,170/741,329
Chromosome LG18: 48.00%, 265,701/553,594
Chromosome LG19: 45.18%, 321,245/711,035
Chromosome LG20: 45.80%, 299,316/653,468
Chromosome LG21: 46.17%, 248,977/539,215
Chromosome LG22: 46.51%, 186,118/400,208
Chromosome LG23: 46.90%, 244,236/520,713
Chromosome LG24: 48.16%, 211,309/438,748
6,819,743 markers are selected in total.
Principal Component Analysis (PCA) on genotypes:
Excluding 0 SNP (monomorphic: TRUE, MAF: NaN, missing rate: NaN)
    # of samples: 113
    # of SNPs: 6,819,743
    using 2 threads
    # of principal components: 32
PCA:    the sum of all selected genotypes (0,1,2) = 1163185686
CPU capabilities: Double-Precision SSE2 AVX
Mon Jun 27 19:27:27 2022    (internal increment: 34468)
[..................................................]  0%, ETC: ---        [==================================================] 100%, completed, 30s
Mon Jun 27 19:27:57 2022    Begin (eigenvalues and eigenvectors)
Mon Jun 27 19:27:57 2022    Done.
# A tibble: 32 x 2
   index variation
   <chr>     <dbl>
 1 PC01       2.83
 2 PC02       2.14
 3 PC03       1.83
 4 PC04       1.63
 5 PC05       1.32
 6 PC06       1.21
 7 PC07       1.18
 8 PC08       1.11
 9 PC09       1.09
10 PC10       1.02
# … with 22 more rows
