slurmstepd: error: Unable to create TMPDIR [/scratch/25143562_doau0129]: Permission denied
slurmstepd: error: Setting TMPDIR to /tmp

Lmod is automatically replacing "hpc-uniol-env" with "hpc-env/8.3".

mkdir: cannot create directory ‘/user/doau0129/work/chapter1//figures/genotyping_pca/’: File exists
SNPRelate -- supported by Advanced Vector Extensions (AVX)
── Attaching packages ─────────────────────────────────────── tidyverse 1.3.1 ──
✔ ggplot2 3.3.3     ✔ purrr   0.3.4
✔ tibble  3.1.1     ✔ dplyr   1.0.6
✔ tidyr   1.1.3     ✔ stringr 1.4.0
✔ readr   1.4.0     ✔ forcats 0.5.1
── Conflicts ────────────────────────────────────────── tidyverse_conflicts() ──
✖ dplyr::filter() masks stats::filter()
✖ dplyr::lag()    masks stats::lag()
Loading required package: cowplot

Attaching package: ‘cowplot’

The following object is masked from ‘package:ggpubr’:

    get_legend

Loading required package: ggforce
Loading required package: grid
Loading required package: gridSVG

Attaching package: ‘gridSVG’

The following object is masked from ‘package:grDevices’:

    dev.off

Loading required package: grImport2
Loading required package: cli
Loading required package: crayon

Attaching package: ‘crayon’

The following object is masked from ‘package:cli’:

    num_ansi_colors

The following object is masked from ‘package:ggplot2’:

    %+%

Loading required package: scico
Loading required package: RColorBrewer
Loading required package: ragg
Warning messages:
1: The `x` argument of `as_tibble.matrix()` must have unique column names if `.name_repair` is omitted as of tibble 2.0.0.
Using compatibility `.name_repair`.
This warning is displayed once every 8 hours.
Call `lifecycle::last_warnings()` to see where this warning was generated. 
2: The `path` argument of `write_tsv()` is deprecated as of readr 1.4.0.
Please use the `file` argument instead.
This warning is displayed once every 8 hours.
Call `lifecycle::last_warnings()` to see where this warning was generated. 

── Column specification ────────────────────────────────────────────────────────
cols(
  PC = col_character(),
  variation = col_double()
)

Scale for 'x' is already present. Adding another scale for 'x', which will
replace the existing scale.
Scale for 'x' is already present. Adding another scale for 'x', which will
replace the existing scale.
Scale for 'x' is already present. Adding another scale for 'x', which will
replace the existing scale.
Scale for 'x' is already present. Adding another scale for 'x', which will
replace the existing scale.
Scale for 'x' is already present. Adding another scale for 'x', which will
replace the existing scale.
 ▶ ▶ ▶  /user/doau0129/work/chapter1//figures/genotyping_pca/ld0.2_nomaf_corr/sn
sh: exiftool: command not found
 ▶ ▶ ▶  /user/doau0129/work/chapter1//figures/genotyping_pca/ld0.2_nomaf_corr/sn
sh: exiftool: command not found
Warning messages:
1: Removed 97 rows containing missing values (geom_point). 
2: Removed 99 rows containing missing values (geom_point). 
3: In system(create_metadata) : error in running command
4: In system(create_metadata) : error in running command
